<?xml version="1.0" encoding="UTF-8"?>
<testng-results skipped="0" failed="0" ignored="0" total="0" passed="0">
  <reporter-output>
  </reporter-output>
  <suite name="Test Suite" duration-ms="28" started-at="2021-06-12T14:01:02Z" finished-at="2021-06-12T14:01:02Z">
    <groups>
    </groups>
    <test name="Regression Tests" duration-ms="28" started-at="2021-06-12T14:01:02Z" finished-at="2021-06-12T14:01:02Z">
    </test> <!-- Regression Tests -->
  </suite> <!-- Test Suite -->
</testng-results>
